<?xml version="1.0" encoding="UTF-8"?>
<testsuite name="fr.theshark34.openlauncherlib.AppTest" tests="1" skipped="0" failures="0" errors="0" timestamp="2015-03-12T17:41:37" hostname="Shark-Windows" time="0.0">
  <properties/>
  <testcase name="testApp" classname="fr.theshark34.openlauncherlib.AppTest" time="0.0"/>
  <system-out><![CDATA[]]></system-out>
  <system-err><![CDATA[]]></system-err>
</testsuite>
